2022-04-26 20:14:56,738 [ServerService Thread Pool -- 204]  INFO org.primefaces.webapp.PostConstructApplicationEventListener:50 - Running on PrimeFaces 11.0.0
2022-04-26 20:15:09,758 [default task-2]  INFO com.bibliotecajsfdemo.mbean.ListagemBean:40 - Carregado 3 livros.
2022-04-26 20:16:31,325 [default task-2] ERROR com.bibliotecajsfdemo.mbean.LivroBean:49 - Livro jah cadastrado com ISBN: 9788599296578
2022-04-26 20:16:56,812 [default task-2] DEBUG com.bibliotecajsfdemo.mbean.LivroBean:37 - Livro salvo: Livro{id=4, isbn=9999999999999, titulo='titulo novo', autor='autor novo'}
2022-04-26 20:16:56,848 [default task-2]  INFO com.bibliotecajsfdemo.mbean.ListagemBean:40 - Carregado 4 livros.
2022-04-26 21:12:41,087 [ServerService Thread Pool -- 224]  INFO org.primefaces.webapp.PostConstructApplicationEventListener:50 - Running on PrimeFaces 11.0.0
2022-04-26 21:12:53,678 [default task-2]  INFO com.bibliotecajsfdemo.mbean.ListagemBean:40 - Carregado 3 livros.
2022-04-26 21:12:57,417 [default task-2]  INFO com.bibliotecajsfdemo.mbean.ListagemBean:40 - Carregado 3 livros.
2022-04-26 21:13:01,378 [default task-2]  INFO com.bibliotecajsfdemo.mbean.ListagemBean:40 - Carregado 3 livros.
2022-04-26 21:13:51,049 [ServerService Thread Pool -- 248]  INFO org.primefaces.webapp.PostConstructApplicationEventListener:50 - Running on PrimeFaces 11.0.0
2022-04-26 21:13:57,882 [default task-2]  INFO com.bibliotecajsfdemo.mbean.ListagemBean:40 - Carregado 3 livros.
2022-04-26 21:14:36,837 [default task-2] DEBUG com.bibliotecajsfdemo.mbean.LeitorBean:36 - Leitor salvo: com.bibliotecajsfdemo.model.Leitor@3c49d8
2022-04-26 21:14:36,869 [default task-2]  INFO com.bibliotecajsfdemo.mbean.ListagemBean:40 - Carregado 3 livros.
2022-04-26 21:14:47,395 [default task-2]  INFO com.bibliotecajsfdemo.mbean.ListagemBean:40 - Carregado 3 livros.
2022-04-26 21:15:24,780 [ServerService Thread Pool -- 259]  INFO org.primefaces.webapp.PostConstructApplicationEventListener:50 - Running on PrimeFaces 11.0.0
2022-04-26 21:15:31,011 [default task-2]  INFO com.bibliotecajsfdemo.mbean.ListagemBean:40 - Carregado 3 livros.
2022-04-26 21:16:01,203 [default task-2] DEBUG com.bibliotecajsfdemo.mbean.LeitorBean:36 - Leitor salvo: com.bibliotecajsfdemo.model.Leitor@796c3cdb
2022-04-26 21:16:01,237 [default task-2]  INFO com.bibliotecajsfdemo.mbean.ListagemBean:40 - Carregado 3 livros.
2022-04-26 21:17:10,131 [ServerService Thread Pool -- 276]  INFO org.primefaces.webapp.PostConstructApplicationEventListener:50 - Running on PrimeFaces 11.0.0
2022-04-26 21:18:00,479 [default task-2]  INFO com.bibliotecajsfdemo.mbean.ListagemBean:40 - Carregado 3 livros.
2022-04-26 21:18:27,968 [default task-2] DEBUG com.bibliotecajsfdemo.mbean.LeitorBean:36 - Leitor salvo: com.bibliotecajsfdemo.model.Leitor@5b6797ea
2022-04-26 21:18:27,990 [default task-2]  INFO com.bibliotecajsfdemo.mbean.ListagemBean:40 - Carregado 3 livros.
2022-04-26 21:18:44,908 [ServerService Thread Pool -- 281]  INFO org.primefaces.webapp.PostConstructApplicationEventListener:50 - Running on PrimeFaces 11.0.0
2022-04-26 21:18:48,330 [default task-2]  INFO com.bibliotecajsfdemo.mbean.ListagemBean:40 - Carregado 3 livros.
2022-04-26 21:19:03,109 [default task-2] DEBUG com.bibliotecajsfdemo.mbean.LeitorBean:36 - Leitor salvo: com.bibliotecajsfdemo.model.Leitor@3b48b35d
2022-04-26 21:19:03,125 [default task-2]  INFO com.bibliotecajsfdemo.mbean.ListagemBean:40 - Carregado 3 livros.
